[debug] [2026-06-25T10:22:41.802Z] ----------------------------------------------------------------------
[debug] [2026-06-25T10:22:41.804Z] Command:       /usr/local/bin/firebase /Users/evertonbuzzi/.cache/firebase/tools/lib/node_modules/firebase-tools/lib/bin/firebase apps:list --project money-plan-23efb
[debug] [2026-06-25T10:22:41.804Z] CLI Version:   12.4.4
[debug] [2026-06-25T10:22:41.804Z] Platform:      darwin
[debug] [2026-06-25T10:22:41.805Z] Node Version:  v16.16.0
[debug] [2026-06-25T10:22:41.809Z] Time:          Thu Jun 25 2026 11:22:41 GMT+0100 (Western European Summer Time)
[debug] [2026-06-25T10:22:41.809Z] ----------------------------------------------------------------------
[debug] 
[debug] [2026-06-25T10:22:41.814Z] >>> [apiv2][query] GET https://firebase-public.firebaseio.com/cli.json [none]
[debug] [2026-06-25T10:22:41.833Z] > command requires scopes: ["email","openid","https://www.googleapis.com/auth/cloudplatformprojects.readonly","https://www.googleapis.com/auth/firebase","https://www.googleapis.com/auth/cloud-platform"]
[debug] [2026-06-25T10:22:41.834Z] > authorizing via signed-in user (evertonbuzzi@gmail.com)
[debug] [2026-06-25T10:22:41.836Z] > refreshing access token with scopes: []
[debug] [2026-06-25T10:22:41.836Z] >>> [apiv2][query] POST https://www.googleapis.com/oauth2/v3/token [none]
[debug] [2026-06-25T10:22:41.837Z] >>> [apiv2][body] POST https://www.googleapis.com/oauth2/v3/token [omitted]
[debug] [2026-06-25T10:22:42.185Z] <<< [apiv2][status] POST https://www.googleapis.com/oauth2/v3/token 400
[debug] [2026-06-25T10:22:42.188Z] <<< [apiv2][body] POST https://www.googleapis.com/oauth2/v3/token [omitted]
[debug] [2026-06-25T10:22:42.190Z] >>> [apiv2][query] GET https://firebase.googleapis.com/v1beta1/projects/money-plan-23efb:searchApps pageSize=100
[debug] [2026-06-25T10:22:42.336Z] <<< [apiv2][status] GET https://firebase-public.firebaseio.com/cli.json 200
[debug] [2026-06-25T10:22:42.338Z] <<< [apiv2][body] GET https://firebase-public.firebaseio.com/cli.json {"cloudBuildErrorAfter":1594252800000,"cloudBuildWarnAfter":1590019200000,"defaultNode10After":1594252800000,"minVersion":"3.0.5","node8DeploysDisabledAfter":1613390400000,"node8RuntimeDisabledAfter":1615809600000,"node8WarnAfter":1600128000000}
[debug] [2026-06-25T10:22:42.510Z] <<< [apiv2][status] GET https://firebase.googleapis.com/v1beta1/projects/money-plan-23efb:searchApps 401
[debug] [2026-06-25T10:22:42.512Z] <<< [apiv2][body] GET https://firebase.googleapis.com/v1beta1/projects/money-plan-23efb:searchApps {"error":{"code":401,"message":"Request had invalid authentication credentials. Expected OAuth 2 access token, login cookie or other valid authentication credential. See https://developers.google.com/identity/sign-in/web/devconsole-project.","status":"UNAUTHENTICATED"}}
[debug] [2026-06-25T10:22:42.513Z] HTTP Error: 401, Request had invalid authentication credentials. Expected OAuth 2 access token, login cookie or other valid authentication credential. See https://developers.google.com/identity/sign-in/web/devconsole-project.
[debug] [2026-06-25T10:22:42.807Z] FirebaseError: HTTP Error: 401, Request had invalid authentication credentials. Expected OAuth 2 access token, login cookie or other valid authentication credential. See https://developers.google.com/identity/sign-in/web/devconsole-project.
    at responseToError (/Users/evertonbuzzi/.cache/firebase/tools/lib/node_modules/firebase-tools/lib/responseToError.js:49:12)
    at RetryOperation._fn (/Users/evertonbuzzi/.cache/firebase/tools/lib/node_modules/firebase-tools/lib/apiv2.js:289:77)
    at processTicksAndRejections (node:internal/process/task_queues:96:5)
[error] 
[error] Error: Failed to list Firebase apps. See firebase-debug.log for more info.
